Build started 11/11/2015 23:06:42.
     1>Project "C:\Users\Syn\Desktop\Projeto de Técnicas\Dispositivo de localização para cegos\Dispositivo de localização para cegos\Dispositivo de localização para cegos.vcxproj" on node 2 (Build target(s)).
     1>ClCompile:
         C:\Program Files (x86)\Microsoft Visual Studio 12.0\VC\bin\CL.exe /c /IC:\VCpp /ZI /nologo /W3 /WX- /sdl /Od /Oy- /D WIN32 /D _DEBUG /D _WINDOWS /D _UNICODE /D UNICODE /Gm /EHsc /RTC1 /MDd /GS /fp:precise /Zc:wchar_t /Zc:forScope /Fo"Debug\\" /Fd"Debug\vc120.pdb" /Gd /TP /analyze- /errorReport:prompt main.cpp RFID.cpp
         RFID.cpp
     1>c:\users\syn\desktop\projeto de técnicas\dispositivo de localização para cegos\dispositivo de localização para cegos\rfid.cpp(14): error C2511: 'int RFID::attachHandler(CPhidgetHandle,void *)' : overloaded member function not found in 'RFID'
                 c:\users\syn\desktop\projeto de técnicas\dispositivo de localização para cegos\dispositivo de localização para cegos\rfid.h(4) : see declaration of 'RFID'
     1>c:\users\syn\desktop\projeto de técnicas\dispositivo de localização para cegos\dispositivo de localização para cegos\rfid.cpp(28): error C2511: 'int RFID::dettachHandler(CPhidgetHandle,void *)' : overloaded member function not found in 'RFID'
                 c:\users\syn\desktop\projeto de técnicas\dispositivo de localização para cegos\dispositivo de localização para cegos\rfid.h(4) : see declaration of 'RFID'
     1>c:\users\syn\desktop\projeto de técnicas\dispositivo de localização para cegos\dispositivo de localização para cegos\rfid.cpp(42): error C2511: 'int RFID::errorHandler(CPhidgetHandle,void *,int,const char *)' : overloaded member function not found in 'RFID'
                 c:\users\syn\desktop\projeto de técnicas\dispositivo de localização para cegos\dispositivo de localização para cegos\rfid.h(4) : see declaration of 'RFID'
     1>c:\users\syn\desktop\projeto de técnicas\dispositivo de localização para cegos\dispositivo de localização para cegos\rfid.cpp(48): error C2511: 'int RFID::TagHandler(CPhidgetRFIDHandle,void *,char *,CPhidgetRFID_Protocol)' : overloaded member function not found in 'RFID'
                 c:\users\syn\desktop\projeto de técnicas\dispositivo de localização para cegos\dispositivo de localização para cegos\rfid.h(4) : see declaration of 'RFID'
     1>c:\users\syn\desktop\projeto de técnicas\dispositivo de localização para cegos\dispositivo de localização para cegos\rfid.cpp(57): error C2511: 'int RFID::TagLostHandler(CPhidgetRFIDHandle,void *,char *,CPhidgetRFID_Protocol)' : overloaded member function not found in 'RFID'
                 c:\users\syn\desktop\projeto de técnicas\dispositivo de localização para cegos\dispositivo de localização para cegos\rfid.h(4) : see declaration of 'RFID'
         main.cpp
         Generating Code...
     1>Done Building Project "C:\Users\Syn\Desktop\Projeto de Técnicas\Dispositivo de localização para cegos\Dispositivo de localização para cegos\Dispositivo de localização para cegos.vcxproj" (Build target(s)) -- FAILED.

Build FAILED.

Time Elapsed 00:00:01.00
